Using pre-set license
Built from '2022.3/staging' branch; Version is '2022.3.23f1 (dbb3f7c5b5c6) revision 14398455'; Using compiler version '192829333'; Build Type 'Release'
OS: 'Windows 11  (10.0.22631) 64bit Core' Language: 'en' Physical Memory: 32472 MB
BatchMode: 1, IsHumanControllingUs: 0, StartBugReporterOnCrash: 0, Is64bit: 1, IsPro: 1

COMMAND LINE ARGUMENTS:
D:\Unity Engine\2022.3.23f1\Editor\Unity.exe
-adb2
-batchMode
-noUpm
-name
AssetImportWorker1
-projectPath
D:/code/unity projects/Dream Keeper
-logFile
Logs/AssetImportWorker1.log
-srvPort
56000
Successfully changed project path to: D:/code/unity projects/Dream Keeper
D:/code/unity projects/Dream Keeper
[UnityMemory] Configuration Parameters - Can be set up in boot.config
    "memorysetup-bucket-allocator-granularity=16"
    "memorysetup-bucket-allocator-bucket-count=8"
    "memorysetup-bucket-allocator-block-size=33554432"
    "memorysetup-bucket-allocator-block-count=8"
    "memorysetup-main-allocator-block-size=16777216"
    "memorysetup-thread-allocator-block-size=16777216"
    "memorysetup-gfx-main-allocator-block-size=16777216"
    "memorysetup-gfx-thread-allocator-block-size=16777216"
    "memorysetup-cache-allocator-block-size=4194304"
    "memorysetup-typetree-allocator-block-size=2097152"
    "memorysetup-profiler-bucket-allocator-granularity=16"
    "memorysetup-profiler-bucket-allocator-bucket-count=8"
    "memorysetup-profiler-bucket-allocator-block-size=33554432"
    "memorysetup-profiler-bucket-allocator-block-count=8"
    "memorysetup-profiler-allocator-block-size=16777216"
    "memorysetup-profiler-editor-allocator-block-size=1048576"
    "memorysetup-temp-allocator-size-main=16777216"
    "memorysetup-job-temp-allocator-block-size=2097152"
    "memorysetup-job-temp-allocator-block-size-background=1048576"
    "memorysetup-job-temp-allocator-reduction-small-platforms=262144"
    "memorysetup-allocator-temp-initial-block-size-main=262144"
    "memorysetup-allocator-temp-initial-block-size-worker=262144"
    "memorysetup-temp-allocator-size-background-worker=32768"
    "memorysetup-temp-allocator-size-job-worker=262144"
    "memorysetup-temp-allocator-size-preload-manager=33554432"
    "memorysetup-temp-allocator-size-nav-mesh-worker=65536"
    "memorysetup-temp-allocator-size-audio-worker=65536"
    "memorysetup-temp-allocator-size-cloud-worker=32768"
    "memorysetup-temp-allocator-size-gi-baking-worker=262144"
    "memorysetup-temp-allocator-size-gfx=262144"
Player connection [48656] Host "[IP] 10.0.0.144 [Port] 0 [Flags] 2 [Guid] 376577812 [EditorId] 376577812 [Version] 1048832 [Id] WindowsEditor(7,MSI) [Debug] 1 [PackageName] WindowsEditor [ProjectName] Editor" joined multi-casting on [225.0.0.222:54997]...

Player connection [48656] Host "[IP] 10.0.0.144 [Port] 0 [Flags] 2 [Guid] 376577812 [EditorId] 376577812 [Version] 1048832 [Id] WindowsEditor(7,MSI) [Debug] 1 [PackageName] WindowsEditor [ProjectName] Editor" joined alternative multi-casting on [225.0.0.222:34997]...

[Physics::Module] Initialized MultithreadedJobDispatcher with 19 workers.
Refreshing native plugins compatible for Editor in 20.45 ms, found 4 plugins.
Preloading 0 native plugins for Editor in 0.00 ms.
Initialize engine version: 2022.3.23f1 (dbb3f7c5b5c6)
[Subsystems] Discovering subsystems at path D:/Unity Engine/2022.3.23f1/Editor/Data/Resources/UnitySubsystems
[Subsystems] Discovering subsystems at path D:/code/unity projects/Dream Keeper/Assets
GfxDevice: creating device client; threaded=0; jobified=0
Direct3D:
    Version:  Direct3D 11.0 [level 11.1]
    Renderer: NVIDIA GeForce RTX 3070 Laptop GPU (ID=0x249d)
    Vendor:   NVIDIA
    VRAM:     8020 MB
    Driver:   32.0.15.6094
Initialize mono
Mono path[0] = 'D:/Unity Engine/2022.3.23f1/Editor/Data/Managed'
Mono path[1] = 'D:/Unity Engine/2022.3.23f1/Editor/Data/MonoBleedingEdge/lib/mono/unityjit-win32'
Mono config path = 'D:/Unity Engine/2022.3.23f1/Editor/Data/MonoBleedingEdge/etc'
Using monoOptions --debugger-agent=transport=dt_socket,embedding=1,server=y,suspend=n,address=127.0.0.1:56668
Begin MonoManager ReloadAssembly
Registering precompiled unity dll's ...
Register platform support module: D:/Unity Engine/2022.3.23f1/Editor/Data/PlaybackEngines/WebGLSupport/UnityEditor.WebGL.Extensions.dll
Register platform support module: D:/Unity Engine/2022.3.23f1/Editor/Data/PlaybackEngines/MacStandaloneSupport/UnityEditor.OSXStandalone.Extensions.dll
Register platform support module: D:/Unity Engine/2022.3.23f1/Editor/Data/PlaybackEngines/AndroidPlayer/UnityEditor.Android.Extensions.dll
Register platform support module: D:/Unity Engine/2022.3.23f1/Editor/Data/PlaybackEngines/iOSSupport/UnityEditor.iOS.Extensions.dll
Register platform support module: D:/Unity Engine/2022.3.23f1/Editor/Data/PlaybackEngines/VisionOSPlayer/UnityEditor.VisionOS.Extensions.dll
Register platform support module: D:/Unity Engine/2022.3.23f1/Editor/Data/PlaybackEngines/AppleTVSupport/UnityEditor.AppleTV.Extensions.dll
Register platform support module: D:/Unity Engine/2022.3.23f1/Editor/Data/PlaybackEngines/WindowsStandaloneSupport/UnityEditor.WindowsStandalone.Extensions.dll
Register platform support module: D:/Unity Engine/2022.3.23f1/Editor/Data/PlaybackEngines/LinuxStandaloneSupport/UnityEditor.LinuxStandalone.Extensions.dll
Register platform support module: D:/Unity Engine/2022.3.23f1/Editor/Data/PlaybackEngines/MetroSupport/UnityEditor.UWP.Extensions.dll
Registered in 0.019766 seconds.
- Loaded All Assemblies, in  0.435 seconds
Native extension for UWP target not found
Native extension for LinuxStandalone target not found
Native extension for WindowsStandalone target not found
[usbmuxd] Start listen thread
[usbmuxd] Listen thread started
Native extension for AppleTV target not found
Failed to load: D:/Unity Engine/2022.3.23f1/Editor/Data/PlaybackEngines/VisionOSPlayer\x64\UnityEditor.VisionOS.Native.dll
Native extension for VisionOS target not found
[usbmuxd] Start listen thread
[usbmuxd] Listen thread started
Native extension for iOS target not found
Native extension for Android target not found
Android Extension - Scanning For ADB Devices 953 ms
Native extension for OSXStandalone target not found
Native extension for WebGL target not found
Mono: successfully reloaded assembly
- Finished resetting the current domain, in  1.373 seconds
Domain Reload Profiling: 1808ms
	BeginReloadAssembly (115ms)
		ExecutionOrderSort (0ms)
		DisableScriptedObjects (0ms)
		BackupInstance (0ms)
		ReleaseScriptingObjects (0ms)
		CreateAndSetChildDomain (1ms)
	RebuildCommonClasses (40ms)
	RebuildNativeTypeToScriptingClass (14ms)
	initialDomainReloadingComplete (77ms)
	LoadAllAssembliesAndSetupDomain (188ms)
		LoadAssemblies (117ms)
		RebuildTransferFunctionScriptingTraits (0ms)
		AnalyzeDomain (183ms)
			TypeCache.Refresh (180ms)
				TypeCache.ScanAssembly (162ms)
			ScanForSourceGeneratedMonoScriptInfo (1ms)
			ResolveRequiredComponents (1ms)
	FinalizeReload (1374ms)
		ReleaseScriptCaches (0ms)
		RebuildScriptCaches (0ms)
		SetupLoadedEditorAssemblies (1302ms)
			LogAssemblyErrors (0ms)
			InitializePlatformSupportModulesInManaged (1128ms)
			SetLoadedEditorAssemblies (4ms)
			RefreshPlugins (0ms)
			BeforeProcessingInitializeOnLoad (2ms)
			ProcessInitializeOnLoadAttributes (119ms)
			ProcessInitializeOnLoadMethodAttributes (48ms)
			AfterProcessingInitializeOnLoad (0ms)
			EditorAssembliesLoaded (0ms)
		ExecutionOrderSort2 (0ms)
		AwakeInstancesAfterBackupRestoration (0ms)
========================================================================
Worker process is ready to serve import requests
Begin MonoManager ReloadAssembly
- Loaded All Assemblies, in  0.695 seconds
Refreshing native plugins compatible for Editor in 3.95 ms, found 4 plugins.
Native extension for UWP target not found
Native extension for LinuxStandalone target not found
Native extension for WindowsStandalone target not found
Native extension for AppleTV target not found
Failed to load: D:/Unity Engine/2022.3.23f1/Editor/Data/PlaybackEngines/VisionOSPlayer\x64\UnityEditor.VisionOS.Native.dll
Native extension for VisionOS target not found
Native extension for iOS target not found
Native extension for Android target not found
Native extension for OSXStandalone target not found
Native extension for WebGL target not found
Mono: successfully reloaded assembly
- Finished resetting the current domain, in  0.905 seconds
Domain Reload Profiling: 1600ms
	BeginReloadAssembly (155ms)
		ExecutionOrderSort (0ms)
		DisableScriptedObjects (6ms)
		BackupInstance (0ms)
		ReleaseScriptingObjects (0ms)
		CreateAndSetChildDomain (24ms)
	RebuildCommonClasses (36ms)
	RebuildNativeTypeToScriptingClass (10ms)
	initialDomainReloadingComplete (46ms)
	LoadAllAssembliesAndSetupDomain (447ms)
		LoadAssemblies (350ms)
		RebuildTransferFunctionScriptingTraits (0ms)
		AnalyzeDomain (190ms)
			TypeCache.Refresh (162ms)
				TypeCache.ScanAssembly (136ms)
			ScanForSourceGeneratedMonoScriptInfo (22ms)
			ResolveRequiredComponents (5ms)
	FinalizeReload (906ms)
		ReleaseScriptCaches (0ms)
		RebuildScriptCaches (0ms)
		SetupLoadedEditorAssemblies (724ms)
			LogAssemblyErrors (0ms)
			InitializePlatformSupportModulesInManaged (41ms)
			SetLoadedEditorAssemblies (3ms)
			RefreshPlugins (0ms)
			BeforeProcessingInitializeOnLoad (66ms)
			ProcessInitializeOnLoadAttributes (576ms)
			ProcessInitializeOnLoadMethodAttributes (35ms)
			AfterProcessingInitializeOnLoad (2ms)
			EditorAssembliesLoaded (0ms)
		ExecutionOrderSort2 (0ms)
		AwakeInstancesAfterBackupRestoration (9ms)
Launched and connected shader compiler UnityShaderCompiler.exe after 0.14 seconds
Refreshing native plugins compatible for Editor in 6.44 ms, found 4 plugins.
Preloading 0 native plugins for Editor in 0.00 ms.
Unloading 4127 Unused Serialized files (Serialized files now loaded: 0)
Unloading 75 unused Assets / (246.3 KB). Loaded Objects now: 4581.
Memory consumption went from 169.8 MB to 169.5 MB.
Total: 4.557100 ms (FindLiveObjects: 0.338300 ms CreateObjectMapping: 0.163300 ms MarkObjects: 3.631600 ms  DeleteObjects: 0.421800 ms)

AssetImportParameters requested are different than current active one (requested -> active):
  custom:container-demuxer-ogg: 62fdf1f143b41e24485cea50d1cbac27 -> 
  custom:video-decoder-ogg-theora: a1e56fd34408186e4bbccfd4996cb3dc -> 
  custom:framework-win-MediaFoundation: 216162199b28c13a410421893ffa2e32 -> 
  custom:CustomObjectIndexerAttribute: 9a22284fe3817be447336de3de66b15e -> 
  custom:container-demuxer-webm: 4f35f7cbe854078d1ac9338744f61a02 -> 
  custom:container-muxer-webm: aa71ff27fc2769a1b78a27578f13a17b -> 
  custom:video-decoder-webm-vp8: 9c59270c3fd7afecdb556c50c9e8de78 -> 
  custom:SearchIndexIgnoredProperties: e643bd26f0fe6173181afceb89e7c659 -> 
  custom:AudioImporter_EditorPlatform: d09bf68614088b80899f8185d706f6e7 -> 
  custom:video-encoder-webm-vp8: eb34c28f22e8b96e1ab97ce403110664 -> 
  custom:audio-decoder-ogg-vorbis: bf7c407c2cedff20999df2af8eb42d56 -> 
  custom:audio-encoder-webm-vorbis: bf7c407c2cedff20999df2af8eb42d56 -> 
========================================================================
Received Import Request.
  Time since last request: 5953.374040 seconds.
  path: Assets/Art/Potions
  artifactKey: Guid(fc02f6a072670e4478cad95ec5794725) Importer(815301076,1909f56bfc062723c751e8b465ee728b)
Start importing Assets/Art/Potions using Guid(fc02f6a072670e4478cad95ec5794725) Importer(815301076,1909f56bfc062723c751e8b465ee728b)  -> (artifact id: '03ece25f3cb55e50eb9782ce1a1d7d2d') in 0.002320 seconds
Number of updated asset objects reloaded before import = 0
Number of asset objects unloaded after import = 0
========================================================================
Received Import Request.
  Time since last request: 283.241829 seconds.
  path: Assets/Art/Potions/V2_Potion_g.png
  artifactKey: Guid(811273dea489d4a499b9182b13c13963) Importer(815301076,1909f56bfc062723c751e8b465ee728b)
Start importing Assets/Art/Potions/V2_Potion_g.png using Guid(811273dea489d4a499b9182b13c13963) Importer(815301076,1909f56bfc062723c751e8b465ee728b)  -> (artifact id: 'b5a36c8bb2e266e49cbef50bb16a6fad') in 0.080807 seconds
Number of updated asset objects reloaded before import = 0
Number of asset objects unloaded after import = 3
========================================================================
Received Import Request.
  Time since last request: 155.970261 seconds.
  path: Assets/Art/Monsters/V2_Monster1/V2_Monster1_g.png
  artifactKey: Guid(adf46e3f757f84c4a92c623e53ea446e) Importer(815301076,1909f56bfc062723c751e8b465ee728b)
Start importing Assets/Art/Monsters/V2_Monster1/V2_Monster1_g.png using Guid(adf46e3f757f84c4a92c623e53ea446e) Importer(815301076,1909f56bfc062723c751e8b465ee728b)  -> (artifact id: '5e407174c5385111d7e24e72140d1944') in 0.021832 seconds
Number of updated asset objects reloaded before import = 0
Number of asset objects unloaded after import = 3
========================================================================
Received Import Request.
  Time since last request: 0.000021 seconds.
  path: Assets/Art/Monsters/V2_Monster1/V2_Monster1_rb.png
  artifactKey: Guid(dcf227eb5a6e9484d9228eb5adee0cc4) Importer(815301076,1909f56bfc062723c751e8b465ee728b)
Start importing Assets/Art/Monsters/V2_Monster1/V2_Monster1_rb.png using Guid(dcf227eb5a6e9484d9228eb5adee0cc4) Importer(815301076,1909f56bfc062723c751e8b465ee728b)  -> (artifact id: '96d692b5dfb3c2a330585b527ae7c328') in 0.016047 seconds
Number of updated asset objects reloaded before import = 0
Number of asset objects unloaded after import = 3
========================================================================
Received Import Request.
  Time since last request: 0.004230 seconds.
  path: Assets/Art/Monsters/V2_Monster1/V2_Monster1_rgb.png
  artifactKey: Guid(4936d2707d50a544da0e4e153444d205) Importer(815301076,1909f56bfc062723c751e8b465ee728b)
Start importing Assets/Art/Monsters/V2_Monster1/V2_Monster1_rgb.png using Guid(4936d2707d50a544da0e4e153444d205) Importer(815301076,1909f56bfc062723c751e8b465ee728b)  -> (artifact id: '1010879fc899d5588d79e99a13b95b4d') in 0.029541 seconds
Number of updated asset objects reloaded before import = 0
Number of asset objects unloaded after import = 3
========================================================================
Received Import Request.
  Time since last request: 0.001658 seconds.
  path: Assets/Art/Monsters/V2_Monster1/V2_Monster1_ryg.png
  artifactKey: Guid(e74d51807e29a9e4fab6f9fc9a5db07b) Importer(815301076,1909f56bfc062723c751e8b465ee728b)
Start importing Assets/Art/Monsters/V2_Monster1/V2_Monster1_ryg.png using Guid(e74d51807e29a9e4fab6f9fc9a5db07b) Importer(815301076,1909f56bfc062723c751e8b465ee728b)  -> (artifact id: '8e3a02746b203d6a21fcc94d51a6bb8c') in 0.026391 seconds
Number of updated asset objects reloaded before import = 0
Number of asset objects unloaded after import = 3
========================================================================
Received Import Request.
  Time since last request: 0.000038 seconds.
  path: Assets/Art/Monsters/V2_Monster1/V2_Monster1_yg.png
  artifactKey: Guid(2b1267592b8ffec4bb5bc4f41773d8fe) Importer(815301076,1909f56bfc062723c751e8b465ee728b)
Start importing Assets/Art/Monsters/V2_Monster1/V2_Monster1_yg.png using Guid(2b1267592b8ffec4bb5bc4f41773d8fe) Importer(815301076,1909f56bfc062723c751e8b465ee728b)  -> (artifact id: 'e10be8932a93e22b79e5e3d8b6653250') in 0.041643 seconds
Number of updated asset objects reloaded before import = 0
Number of asset objects unloaded after import = 3
========================================================================
Received Import Request.
  Time since last request: 0.000027 seconds.
  path: Assets/Art/Monsters/V2_Monster1/V2_Monster1_rygb.png
  artifactKey: Guid(bc401d4c76ac38e479c30b2625df4085) Importer(815301076,1909f56bfc062723c751e8b465ee728b)
Start importing Assets/Art/Monsters/V2_Monster1/V2_Monster1_rygb.png using Guid(bc401d4c76ac38e479c30b2625df4085) Importer(815301076,1909f56bfc062723c751e8b465ee728b)  -> (artifact id: '77edafa23c64755757bb507a54223da3') in 0.066464 seconds
Number of updated asset objects reloaded before import = 0
Number of asset objects unloaded after import = 3
========================================================================
Received Import Request.
  Time since last request: 0.000062 seconds.
  path: Assets/Art/Monsters/V2_Monster1/V2_Monster1_gb.png
  artifactKey: Guid(cc5b01f5e0a5ff64fb0ebc73a355ea17) Importer(815301076,1909f56bfc062723c751e8b465ee728b)
Start importing Assets/Art/Monsters/V2_Monster1/V2_Monster1_gb.png using Guid(cc5b01f5e0a5ff64fb0ebc73a355ea17) Importer(815301076,1909f56bfc062723c751e8b465ee728b)  -> (artifact id: '8973385663231f6052195bfe32a8995b') in 0.017771 seconds
Number of updated asset objects reloaded before import = 0
Number of asset objects unloaded after import = 3
========================================================================
Received Import Request.
  Time since last request: 0.000025 seconds.
  path: Assets/Art/Monsters/V2_Monster1/V2_Monster1_ry.png
  artifactKey: Guid(826b532ee574f9846a6860ebe4434175) Importer(815301076,1909f56bfc062723c751e8b465ee728b)
Start importing Assets/Art/Monsters/V2_Monster1/V2_Monster1_ry.png using Guid(826b532ee574f9846a6860ebe4434175) Importer(815301076,1909f56bfc062723c751e8b465ee728b)  -> (artifact id: '24fd238850a194197caf6e0629075429') in 0.012838 seconds
Number of updated asset objects reloaded before import = 0
Number of asset objects unloaded after import = 3
========================================================================
Received Import Request.
  Time since last request: 1.447831 seconds.
  path: Assets/Art/Monsters/V2_Monster3/V2_Monster3_g.png
  artifactKey: Guid(3a0fb5cd22b87f74aab6fd083cd00a2c) Importer(815301076,1909f56bfc062723c751e8b465ee728b)
Start importing Assets/Art/Monsters/V2_Monster3/V2_Monster3_g.png using Guid(3a0fb5cd22b87f74aab6fd083cd00a2c) Importer(815301076,1909f56bfc062723c751e8b465ee728b)  -> (artifact id: '8e5d45b234026a697d309be9067f9650') in 0.025843 seconds
Number of updated asset objects reloaded before import = 0
Number of asset objects unloaded after import = 3
========================================================================
Received Import Request.
  Time since last request: 0.000025 seconds.
  path: Assets/Art/Monsters/V2_Monster3/V2_Monster3_rgb.png
  artifactKey: Guid(71e0e98c7920f0e41a7144a5ccc56a93) Importer(815301076,1909f56bfc062723c751e8b465ee728b)
Start importing Assets/Art/Monsters/V2_Monster3/V2_Monster3_rgb.png using Guid(71e0e98c7920f0e41a7144a5ccc56a93) Importer(815301076,1909f56bfc062723c751e8b465ee728b)  -> (artifact id: '13870dc2ac8d9a1a2fbcb23a9ab250e1') in 0.016584 seconds
Number of updated asset objects reloaded before import = 0
Number of asset objects unloaded after import = 3
========================================================================
Received Import Request.
  Time since last request: 0.000043 seconds.
  path: Assets/Art/Monsters/V2_Monster3/V2_Monster3_yg.png
  artifactKey: Guid(e8c38d07622c18342b113762bc2b7010) Importer(815301076,1909f56bfc062723c751e8b465ee728b)
Start importing Assets/Art/Monsters/V2_Monster3/V2_Monster3_yg.png using Guid(e8c38d07622c18342b113762bc2b7010) Importer(815301076,1909f56bfc062723c751e8b465ee728b)  -> (artifact id: 'f393fff1e91ec12ab34c4c9917f5c189') in 0.017636 seconds
Number of updated asset objects reloaded before import = 0
Number of asset objects unloaded after import = 3
========================================================================
Received Import Request.
  Time since last request: 0.000031 seconds.
  path: Assets/Art/Monsters/V2_Monster3/V2_Monster3_y.png
  artifactKey: Guid(30c130edba015ac4b8843f210dfa3ee8) Importer(815301076,1909f56bfc062723c751e8b465ee728b)
Start importing Assets/Art/Monsters/V2_Monster3/V2_Monster3_y.png using Guid(30c130edba015ac4b8843f210dfa3ee8) Importer(815301076,1909f56bfc062723c751e8b465ee728b)  -> (artifact id: '3412002e78fa6f9afa9c08134ee10765') in 0.019206 seconds
Number of updated asset objects reloaded before import = 0
Number of asset objects unloaded after import = 3
========================================================================
Received Import Request.
  Time since last request: 0.000045 seconds.
  path: Assets/Art/Monsters/V2_Monster3/V2_Monster3_gb.png
  artifactKey: Guid(68d98469e234092448b6f4f92bcc3845) Importer(815301076,1909f56bfc062723c751e8b465ee728b)
Start importing Assets/Art/Monsters/V2_Monster3/V2_Monster3_gb.png using Guid(68d98469e234092448b6f4f92bcc3845) Importer(815301076,1909f56bfc062723c751e8b465ee728b)  -> (artifact id: 'dc4fe6f6ad997da75cb9bc80ae08fc1b') in 0.014758 seconds
Number of updated asset objects reloaded before import = 0
Number of asset objects unloaded after import = 3
========================================================================
Received Import Request.
  Time since last request: 0.000026 seconds.
  path: Assets/Art/Monsters/V2_Monster3/V2_Monster3_ygb.png
  artifactKey: Guid(6349f50bc1efd0844ac07f62b06bc061) Importer(815301076,1909f56bfc062723c751e8b465ee728b)
Start importing Assets/Art/Monsters/V2_Monster3/V2_Monster3_ygb.png using Guid(6349f50bc1efd0844ac07f62b06bc061) Importer(815301076,1909f56bfc062723c751e8b465ee728b)  -> (artifact id: '02a58e739a618c9b1e578154aa46c280') in 0.016134 seconds
Number of updated asset objects reloaded before import = 0
Number of asset objects unloaded after import = 3
========================================================================
Received Import Request.
  Time since last request: 0.000023 seconds.
  path: Assets/Art/Monsters/V2_Monster3/V2_Monster3_yb.png
  artifactKey: Guid(a6534c951a3746344845a2737e58a659) Importer(815301076,1909f56bfc062723c751e8b465ee728b)
Start importing Assets/Art/Monsters/V2_Monster3/V2_Monster3_yb.png using Guid(a6534c951a3746344845a2737e58a659) Importer(815301076,1909f56bfc062723c751e8b465ee728b)  -> (artifact id: '6e7706813886af290aa765d42ab27972') in 0.016646 seconds
Number of updated asset objects reloaded before import = 0
Number of asset objects unloaded after import = 3
Editor requested this worker to shutdown with reason: Scaling down because of idle timeout
TcpMessagingSession - receive error: operation aborted. errorcode: 995, details: The I/O operation has been aborted because of either a thread exit or an application request.
AssetImportWorker is now disconnected from the server
Process exiting
Exiting without the bug reporter. Application will terminate with return code 0