Using pre-set license
Built from '2022.3/staging' branch; Version is '2022.3.23f1 (dbb3f7c5b5c6) revision 14398455'; Using compiler version '192829333'; Build Type 'Release'
OS: 'Windows 11  (10.0.22631) 64bit Core' Language: 'en' Physical Memory: 32472 MB
BatchMode: 1, IsHumanControllingUs: 0, StartBugReporterOnCrash: 0, Is64bit: 1, IsPro: 1

COMMAND LINE ARGUMENTS:
D:\Unity Engine\2022.3.23f1\Editor\Unity.exe
-adb2
-batchMode
-noUpm
-name
AssetImportWorker0
-projectPath
D:/code/unity projects/Dream Keeper
-logFile
Logs/AssetImportWorker0.log
-srvPort
56000
Successfully changed project path to: D:/code/unity projects/Dream Keeper
D:/code/unity projects/Dream Keeper
[UnityMemory] Configuration Parameters - Can be set up in boot.config
    "memorysetup-bucket-allocator-granularity=16"
    "memorysetup-bucket-allocator-bucket-count=8"
    "memorysetup-bucket-allocator-block-size=33554432"
    "memorysetup-bucket-allocator-block-count=8"
    "memorysetup-main-allocator-block-size=16777216"
    "memorysetup-thread-allocator-block-size=16777216"
    "memorysetup-gfx-main-allocator-block-size=16777216"
    "memorysetup-gfx-thread-allocator-block-size=16777216"
    "memorysetup-cache-allocator-block-size=4194304"
    "memorysetup-typetree-allocator-block-size=2097152"
    "memorysetup-profiler-bucket-allocator-granularity=16"
    "memorysetup-profiler-bucket-allocator-bucket-count=8"
    "memorysetup-profiler-bucket-allocator-block-size=33554432"
    "memorysetup-profiler-bucket-allocator-block-count=8"
    "memorysetup-profiler-allocator-block-size=16777216"
    "memorysetup-profiler-editor-allocator-block-size=1048576"
    "memorysetup-temp-allocator-size-main=16777216"
    "memorysetup-job-temp-allocator-block-size=2097152"
    "memorysetup-job-temp-allocator-block-size-background=1048576"
    "memorysetup-job-temp-allocator-reduction-small-platforms=262144"
    "memorysetup-allocator-temp-initial-block-size-main=262144"
    "memorysetup-allocator-temp-initial-block-size-worker=262144"
    "memorysetup-temp-allocator-size-background-worker=32768"
    "memorysetup-temp-allocator-size-job-worker=262144"
    "memorysetup-temp-allocator-size-preload-manager=33554432"
    "memorysetup-temp-allocator-size-nav-mesh-worker=65536"
    "memorysetup-temp-allocator-size-audio-worker=65536"
    "memorysetup-temp-allocator-size-cloud-worker=32768"
    "memorysetup-temp-allocator-size-gi-baking-worker=262144"
    "memorysetup-temp-allocator-size-gfx=262144"
Player connection [20724] Host "[IP] 10.0.0.144 [Port] 0 [Flags] 2 [Guid] 3184758654 [EditorId] 3184758654 [Version] 1048832 [Id] WindowsEditor(7,MSI) [Debug] 1 [PackageName] WindowsEditor [ProjectName] Editor" joined multi-casting on [225.0.0.222:54997]...

Player connection [20724] Host "[IP] 10.0.0.144 [Port] 0 [Flags] 2 [Guid] 3184758654 [EditorId] 3184758654 [Version] 1048832 [Id] WindowsEditor(7,MSI) [Debug] 1 [PackageName] WindowsEditor [ProjectName] Editor" joined alternative multi-casting on [225.0.0.222:34997]...

[Physics::Module] Initialized MultithreadedJobDispatcher with 19 workers.
Refreshing native plugins compatible for Editor in 20.94 ms, found 4 plugins.
Preloading 0 native plugins for Editor in 0.00 ms.
Initialize engine version: 2022.3.23f1 (dbb3f7c5b5c6)
[Subsystems] Discovering subsystems at path D:/Unity Engine/2022.3.23f1/Editor/Data/Resources/UnitySubsystems
[Subsystems] Discovering subsystems at path D:/code/unity projects/Dream Keeper/Assets
GfxDevice: creating device client; threaded=0; jobified=0
Direct3D:
    Version:  Direct3D 11.0 [level 11.1]
    Renderer: NVIDIA GeForce RTX 3070 Laptop GPU (ID=0x249d)
    Vendor:   NVIDIA
    VRAM:     8020 MB
    Driver:   32.0.15.6094
Initialize mono
Mono path[0] = 'D:/Unity Engine/2022.3.23f1/Editor/Data/Managed'
Mono path[1] = 'D:/Unity Engine/2022.3.23f1/Editor/Data/MonoBleedingEdge/lib/mono/unityjit-win32'
Mono config path = 'D:/Unity Engine/2022.3.23f1/Editor/Data/MonoBleedingEdge/etc'
Using monoOptions --debugger-agent=transport=dt_socket,embedding=1,server=y,suspend=n,address=127.0.0.1:56900
Begin MonoManager ReloadAssembly
Registering precompiled unity dll's ...
Register platform support module: D:/Unity Engine/2022.3.23f1/Editor/Data/PlaybackEngines/WebGLSupport/UnityEditor.WebGL.Extensions.dll
Register platform support module: D:/Unity Engine/2022.3.23f1/Editor/Data/PlaybackEngines/MacStandaloneSupport/UnityEditor.OSXStandalone.Extensions.dll
Register platform support module: D:/Unity Engine/2022.3.23f1/Editor/Data/PlaybackEngines/AndroidPlayer/UnityEditor.Android.Extensions.dll
Register platform support module: D:/Unity Engine/2022.3.23f1/Editor/Data/PlaybackEngines/iOSSupport/UnityEditor.iOS.Extensions.dll
Register platform support module: D:/Unity Engine/2022.3.23f1/Editor/Data/PlaybackEngines/VisionOSPlayer/UnityEditor.VisionOS.Extensions.dll
Register platform support module: D:/Unity Engine/2022.3.23f1/Editor/Data/PlaybackEngines/AppleTVSupport/UnityEditor.AppleTV.Extensions.dll
Register platform support module: D:/Unity Engine/2022.3.23f1/Editor/Data/PlaybackEngines/WindowsStandaloneSupport/UnityEditor.WindowsStandalone.Extensions.dll
Register platform support module: D:/Unity Engine/2022.3.23f1/Editor/Data/PlaybackEngines/LinuxStandaloneSupport/UnityEditor.LinuxStandalone.Extensions.dll
Register platform support module: D:/Unity Engine/2022.3.23f1/Editor/Data/PlaybackEngines/MetroSupport/UnityEditor.UWP.Extensions.dll
Registered in 0.019384 seconds.
- Loaded All Assemblies, in  0.449 seconds
Native extension for UWP target not found
Native extension for LinuxStandalone target not found
Native extension for WindowsStandalone target not found
[usbmuxd] Start listen thread
[usbmuxd] Listen thread started
Native extension for AppleTV target not found
Failed to load: D:/Unity Engine/2022.3.23f1/Editor/Data/PlaybackEngines/VisionOSPlayer\x64\UnityEditor.VisionOS.Native.dll
Native extension for VisionOS target not found
[usbmuxd] Start listen thread
[usbmuxd] Listen thread started
Native extension for iOS target not found
Native extension for Android target not found
Android Extension - Scanning For ADB Devices 905 ms
Native extension for OSXStandalone target not found
Native extension for WebGL target not found
Mono: successfully reloaded assembly
- Finished resetting the current domain, in  1.330 seconds
Domain Reload Profiling: 1780ms
	BeginReloadAssembly (133ms)
		ExecutionOrderSort (0ms)
		DisableScriptedObjects (0ms)
		BackupInstance (0ms)
		ReleaseScriptingObjects (0ms)
		CreateAndSetChildDomain (1ms)
	RebuildCommonClasses (43ms)
	RebuildNativeTypeToScriptingClass (12ms)
	initialDomainReloadingComplete (78ms)
	LoadAllAssembliesAndSetupDomain (182ms)
		LoadAssemblies (136ms)
		RebuildTransferFunctionScriptingTraits (0ms)
		AnalyzeDomain (175ms)
			TypeCache.Refresh (174ms)
				TypeCache.ScanAssembly (156ms)
			ScanForSourceGeneratedMonoScriptInfo (0ms)
			ResolveRequiredComponents (1ms)
	FinalizeReload (1331ms)
		ReleaseScriptCaches (0ms)
		RebuildScriptCaches (0ms)
		SetupLoadedEditorAssemblies (1262ms)
			LogAssemblyErrors (0ms)
			InitializePlatformSupportModulesInManaged (1081ms)
			SetLoadedEditorAssemblies (4ms)
			RefreshPlugins (0ms)
			BeforeProcessingInitializeOnLoad (3ms)
			ProcessInitializeOnLoadAttributes (121ms)
			ProcessInitializeOnLoadMethodAttributes (53ms)
			AfterProcessingInitializeOnLoad (0ms)
			EditorAssembliesLoaded (0ms)
		ExecutionOrderSort2 (0ms)
		AwakeInstancesAfterBackupRestoration (0ms)
========================================================================
Worker process is ready to serve import requests
Begin MonoManager ReloadAssembly
- Loaded All Assemblies, in  0.693 seconds
Refreshing native plugins compatible for Editor in 4.15 ms, found 4 plugins.
Native extension for UWP target not found
Native extension for LinuxStandalone target not found
Native extension for WindowsStandalone target not found
Native extension for AppleTV target not found
Failed to load: D:/Unity Engine/2022.3.23f1/Editor/Data/PlaybackEngines/VisionOSPlayer\x64\UnityEditor.VisionOS.Native.dll
Native extension for VisionOS target not found
Native extension for iOS target not found
Native extension for Android target not found
Native extension for OSXStandalone target not found
Native extension for WebGL target not found
Mono: successfully reloaded assembly
- Finished resetting the current domain, in  0.905 seconds
Domain Reload Profiling: 1598ms
	BeginReloadAssembly (149ms)
		ExecutionOrderSort (0ms)
		DisableScriptedObjects (6ms)
		BackupInstance (0ms)
		ReleaseScriptingObjects (0ms)
		CreateAndSetChildDomain (23ms)
	RebuildCommonClasses (34ms)
	RebuildNativeTypeToScriptingClass (11ms)
	initialDomainReloadingComplete (43ms)
	LoadAllAssembliesAndSetupDomain (455ms)
		LoadAssemblies (353ms)
		RebuildTransferFunctionScriptingTraits (0ms)
		AnalyzeDomain (190ms)
			TypeCache.Refresh (164ms)
				TypeCache.ScanAssembly (139ms)
			ScanForSourceGeneratedMonoScriptInfo (20ms)
			ResolveRequiredComponents (5ms)
	FinalizeReload (906ms)
		ReleaseScriptCaches (0ms)
		RebuildScriptCaches (0ms)
		SetupLoadedEditorAssemblies (714ms)
			LogAssemblyErrors (0ms)
			InitializePlatformSupportModulesInManaged (43ms)
			SetLoadedEditorAssemblies (4ms)
			RefreshPlugins (0ms)
			BeforeProcessingInitializeOnLoad (67ms)
			ProcessInitializeOnLoadAttributes (566ms)
			ProcessInitializeOnLoadMethodAttributes (33ms)
			AfterProcessingInitializeOnLoad (2ms)
			EditorAssembliesLoaded (0ms)
		ExecutionOrderSort2 (0ms)
		AwakeInstancesAfterBackupRestoration (8ms)
Launched and connected shader compiler UnityShaderCompiler.exe after 0.14 seconds
Refreshing native plugins compatible for Editor in 5.39 ms, found 4 plugins.
Preloading 0 native plugins for Editor in 0.00 ms.
Unloading 4127 Unused Serialized files (Serialized files now loaded: 0)
Unloading 75 unused Assets / (246.3 KB). Loaded Objects now: 4581.
Memory consumption went from 169.6 MB to 169.4 MB.
Total: 4.424000 ms (FindLiveObjects: 0.301300 ms CreateObjectMapping: 0.145600 ms MarkObjects: 3.691300 ms  DeleteObjects: 0.284200 ms)

AssetImportParameters requested are different than current active one (requested -> active):
  custom:container-demuxer-ogg: 62fdf1f143b41e24485cea50d1cbac27 -> 
  custom:video-decoder-ogg-theora: a1e56fd34408186e4bbccfd4996cb3dc -> 
  custom:framework-win-MediaFoundation: 216162199b28c13a410421893ffa2e32 -> 
  custom:CustomObjectIndexerAttribute: 9a22284fe3817be447336de3de66b15e -> 
  custom:container-demuxer-webm: 4f35f7cbe854078d1ac9338744f61a02 -> 
  custom:container-muxer-webm: aa71ff27fc2769a1b78a27578f13a17b -> 
  custom:video-decoder-webm-vp8: 9c59270c3fd7afecdb556c50c9e8de78 -> 
  custom:SearchIndexIgnoredProperties: e643bd26f0fe6173181afceb89e7c659 -> 
  custom:AudioImporter_EditorPlatform: d09bf68614088b80899f8185d706f6e7 -> 
  custom:video-encoder-webm-vp8: eb34c28f22e8b96e1ab97ce403110664 -> 
  custom:audio-decoder-ogg-vorbis: bf7c407c2cedff20999df2af8eb42d56 -> 
  custom:audio-encoder-webm-vorbis: bf7c407c2cedff20999df2af8eb42d56 -> 
========================================================================
Received Import Request.
  Time since last request: 5953.370984 seconds.
  path: Assets/Art/V2_StartPage_placeholder.png
  artifactKey: Guid(015a31ed10889d742b5ea7c96cdcb1ad) Importer(815301076,1909f56bfc062723c751e8b465ee728b)
Start importing Assets/Art/V2_StartPage_placeholder.png using Guid(015a31ed10889d742b5ea7c96cdcb1ad) Importer(815301076,1909f56bfc062723c751e8b465ee728b)  -> (artifact id: 'd09d6de450b9bee36a192cd37323e680') in 0.074615 seconds
Number of updated asset objects reloaded before import = 0
Number of asset objects unloaded after import = 3
========================================================================
Received Import Request.
  Time since last request: 6.341064 seconds.
  path: Assets/Art/V1
  artifactKey: Guid(30d41576d666bc64cad160bfdcb0084c) Importer(815301076,1909f56bfc062723c751e8b465ee728b)
Start importing Assets/Art/V1 using Guid(30d41576d666bc64cad160bfdcb0084c) Importer(815301076,1909f56bfc062723c751e8b465ee728b)  -> (artifact id: '896609f217da6d008509f066c5872e73') in 0.000766 seconds
Number of updated asset objects reloaded before import = 0
Number of asset objects unloaded after import = 0
========================================================================
Received Import Request.
  Time since last request: 1.203434 seconds.
  path: Assets/Art/V1/Background
  artifactKey: Guid(155ab60f0f44d9748b666b2f5f72a0db) Importer(815301076,1909f56bfc062723c751e8b465ee728b)
Start importing Assets/Art/V1/Background using Guid(155ab60f0f44d9748b666b2f5f72a0db) Importer(815301076,1909f56bfc062723c751e8b465ee728b)  -> (artifact id: '8bbe2eb5374447ccac3eebcf90dc1f2f') in 0.000508 seconds
Number of updated asset objects reloaded before import = 0
Number of asset objects unloaded after import = 0
========================================================================
Received Import Request.
  Time since last request: 0.070585 seconds.
  path: Assets/Art/V1/Background/V1_BackgroundUI.png
  artifactKey: Guid(d79f9b008db721743924467fbf766868) Importer(815301076,1909f56bfc062723c751e8b465ee728b)
Start importing Assets/Art/V1/Background/V1_BackgroundUI.png using Guid(d79f9b008db721743924467fbf766868) Importer(815301076,1909f56bfc062723c751e8b465ee728b)  -> (artifact id: '86ff417433c67eb3c4201bd9719db119') in 0.012777 seconds
Number of updated asset objects reloaded before import = 0
Number of asset objects unloaded after import = 3
========================================================================
Received Import Request.
  Time since last request: 124.008424 seconds.
  path: Assets/Art/Tools
  artifactKey: Guid(91d0f53c2b3cd894182e26ba1ada8539) Importer(815301076,1909f56bfc062723c751e8b465ee728b)
Start importing Assets/Art/Tools using Guid(91d0f53c2b3cd894182e26ba1ada8539) Importer(815301076,1909f56bfc062723c751e8b465ee728b)  -> (artifact id: '8d03c0a66925be4a4ec463e63a8a156e') in 0.000609 seconds
Number of updated asset objects reloaded before import = 0
Number of asset objects unloaded after import = 0
========================================================================
Received Import Request.
  Time since last request: 0.032104 seconds.
  path: Assets/Art/Tools/v2_Gun.png
  artifactKey: Guid(0851e09e8e1c02e478c347ee03bb0550) Importer(815301076,1909f56bfc062723c751e8b465ee728b)
Start importing Assets/Art/Tools/v2_Gun.png using Guid(0851e09e8e1c02e478c347ee03bb0550) Importer(815301076,1909f56bfc062723c751e8b465ee728b)  -> (artifact id: '0b6e2660f9aa9467459ad45bb15ef6e0') in 0.023585 seconds
Number of updated asset objects reloaded before import = 0
Number of asset objects unloaded after import = 3
========================================================================
Received Import Request.
  Time since last request: 3.971284 seconds.
  path: Assets/Art/Monsters
  artifactKey: Guid(57f1fb3fce50687439cda59cb706d1a9) Importer(815301076,1909f56bfc062723c751e8b465ee728b)
Start importing Assets/Art/Monsters using Guid(57f1fb3fce50687439cda59cb706d1a9) Importer(815301076,1909f56bfc062723c751e8b465ee728b)  -> (artifact id: '4a08bcffa6e6b1d507a597e863dbc001') in 0.000517 seconds
Number of updated asset objects reloaded before import = 0
Number of asset objects unloaded after import = 0
========================================================================
Received Import Request.
  Time since last request: 3.622277 seconds.
  path: Assets/Art/V1/Character
  artifactKey: Guid(720870b255d3a304fa0331b2f05f34c4) Importer(815301076,1909f56bfc062723c751e8b465ee728b)
Start importing Assets/Art/V1/Character using Guid(720870b255d3a304fa0331b2f05f34c4) Importer(815301076,1909f56bfc062723c751e8b465ee728b)  -> (artifact id: '5e183bf29b94848e7e17137c200e1729') in 0.000474 seconds
Number of updated asset objects reloaded before import = 0
Number of asset objects unloaded after import = 0
========================================================================
Received Import Request.
  Time since last request: 0.050967 seconds.
  path: Assets/Art/V1/Character/V1_Character.png
  artifactKey: Guid(34440b4cafdf848408ac593202f3981c) Importer(815301076,1909f56bfc062723c751e8b465ee728b)
Start importing Assets/Art/V1/Character/V1_Character.png using Guid(34440b4cafdf848408ac593202f3981c) Importer(815301076,1909f56bfc062723c751e8b465ee728b)  -> (artifact id: 'cf3f10a09f87a90e5beb87f78b066ca4') in 0.113395 seconds
Number of updated asset objects reloaded before import = 0
Number of asset objects unloaded after import = 3
========================================================================
Received Import Request.
  Time since last request: 135.778166 seconds.
  path: Assets/Scenes/Game.unity
  artifactKey: Guid(6e8d3139385c9194ab932e3e7f85b8de) Importer(815301076,1909f56bfc062723c751e8b465ee728b)
Start importing Assets/Scenes/Game.unity using Guid(6e8d3139385c9194ab932e3e7f85b8de) Importer(815301076,1909f56bfc062723c751e8b465ee728b)  -> (artifact id: '3af9eb078e529b5eb28dc946d5b8b04a') in 0.000529 seconds
Number of updated asset objects reloaded before import = 0
Number of asset objects unloaded after import = 0
========================================================================
Received Import Request.
  Time since last request: 7.932030 seconds.
  path: Assets/Art/Potions/V2_Potion_b.png
  artifactKey: Guid(7fb3ca5bc38f4e1439b9a7d72d96e0d5) Importer(815301076,1909f56bfc062723c751e8b465ee728b)
Start importing Assets/Art/Potions/V2_Potion_b.png using Guid(7fb3ca5bc38f4e1439b9a7d72d96e0d5) Importer(815301076,1909f56bfc062723c751e8b465ee728b)  -> (artifact id: 'd5a072f1df1b3da1f2bae9ba1589f116') in 0.037106 seconds
Number of updated asset objects reloaded before import = 0
Number of asset objects unloaded after import = 3
========================================================================
Received Import Request.
  Time since last request: 0.000024 seconds.
  path: Assets/Art/Potions/V2_Potion_r.png
  artifactKey: Guid(55ee4c75cf94f39468c808636029ad41) Importer(815301076,1909f56bfc062723c751e8b465ee728b)
Start importing Assets/Art/Potions/V2_Potion_r.png using Guid(55ee4c75cf94f39468c808636029ad41) Importer(815301076,1909f56bfc062723c751e8b465ee728b)  -> (artifact id: '822a6525b06e90d7a12fb8e0527e70a1') in 0.019590 seconds
Number of updated asset objects reloaded before import = 0
Number of asset objects unloaded after import = 3
========================================================================
Received Import Request.
  Time since last request: 0.000019 seconds.
  path: Assets/Art/Potions/V2_Potion_y.png
  artifactKey: Guid(3c3db9c5fbf98cb4dae1e1cb3945305e) Importer(815301076,1909f56bfc062723c751e8b465ee728b)
Start importing Assets/Art/Potions/V2_Potion_y.png using Guid(3c3db9c5fbf98cb4dae1e1cb3945305e) Importer(815301076,1909f56bfc062723c751e8b465ee728b)  -> (artifact id: '0ef01e9c77bb77a7509338032a1ab60c') in 0.021591 seconds
Number of updated asset objects reloaded before import = 0
Number of asset objects unloaded after import = 3
========================================================================
Received Import Request.
  Time since last request: 3.115529 seconds.
  path: Assets/TextMesh Pro
  artifactKey: Guid(f54d1bd14bd3ca042bd867b519fee8cc) Importer(815301076,1909f56bfc062723c751e8b465ee728b)
Start importing Assets/TextMesh Pro using Guid(f54d1bd14bd3ca042bd867b519fee8cc) Importer(815301076,1909f56bfc062723c751e8b465ee728b)  -> (artifact id: '30796653c4dfc1f2480bca9d8b60487c') in 0.001216 seconds
Number of updated asset objects reloaded before import = 0
Number of asset objects unloaded after import = 0
========================================================================
Received Import Request.
  Time since last request: 3.549847 seconds.
  path: Assets/Scripts
  artifactKey: Guid(90e128a46d43294428a0570883071136) Importer(815301076,1909f56bfc062723c751e8b465ee728b)
Start importing Assets/Scripts using Guid(90e128a46d43294428a0570883071136) Importer(815301076,1909f56bfc062723c751e8b465ee728b)  -> (artifact id: 'fd9987ba944bd54bee70baa42b398a1d') in 0.000483 seconds
Number of updated asset objects reloaded before import = 0
Number of asset objects unloaded after import = 0
========================================================================
Received Import Request.
  Time since last request: 3.051773 seconds.
  path: Assets/Packages
  artifactKey: Guid(6052947247f8aa747adc27b8c6416a93) Importer(815301076,1909f56bfc062723c751e8b465ee728b)
Start importing Assets/Packages using Guid(6052947247f8aa747adc27b8c6416a93) Importer(815301076,1909f56bfc062723c751e8b465ee728b)  -> (artifact id: '13794f47663276df0d1f1cc32105ab1e') in 0.000445 seconds
Number of updated asset objects reloaded before import = 0
Number of asset objects unloaded after import = 0
========================================================================
Received Import Request.
  Time since last request: 146.206387 seconds.
  path: Assets/Art/Monsters/V2_Monster1
  artifactKey: Guid(087520034242f1c4b95629cc7769158a) Importer(815301076,1909f56bfc062723c751e8b465ee728b)
Start importing Assets/Art/Monsters/V2_Monster1 using Guid(087520034242f1c4b95629cc7769158a) Importer(815301076,1909f56bfc062723c751e8b465ee728b)  -> (artifact id: '8a93ac879ff14e12f66a28f45a27bac8') in 0.000697 seconds
Number of updated asset objects reloaded before import = 0
Number of asset objects unloaded after import = 0
========================================================================
Received Import Request.
  Time since last request: 0.045028 seconds.
  path: Assets/Art/Monsters/V2_Monster1/V2_Monster1_b.png
  artifactKey: Guid(577daf97ab353f34b8223ee09a2a17d5) Importer(815301076,1909f56bfc062723c751e8b465ee728b)
Start importing Assets/Art/Monsters/V2_Monster1/V2_Monster1_b.png using Guid(577daf97ab353f34b8223ee09a2a17d5) Importer(815301076,1909f56bfc062723c751e8b465ee728b)  -> (artifact id: '977f3b99dcec1d6342e54a49168e5dab') in 0.023120 seconds
Number of updated asset objects reloaded before import = 0
Number of asset objects unloaded after import = 3
========================================================================
Received Import Request.
  Time since last request: 0.000038 seconds.
  path: Assets/Art/Monsters/V2_Monster1/V2_Monster1_r.png
  artifactKey: Guid(4739fb3402bd5ed4caa6fb7db9660406) Importer(815301076,1909f56bfc062723c751e8b465ee728b)
Start importing Assets/Art/Monsters/V2_Monster1/V2_Monster1_r.png using Guid(4739fb3402bd5ed4caa6fb7db9660406) Importer(815301076,1909f56bfc062723c751e8b465ee728b)  -> (artifact id: '61f6e66f7a2f349f12661d85f35b76b0') in 0.016235 seconds
Number of updated asset objects reloaded before import = 0
Number of asset objects unloaded after import = 3
========================================================================
Received Import Request.
  Time since last request: 0.004471 seconds.
  path: Assets/Art/Monsters/V2_Monster1/V2_Monster1_ryb.png
  artifactKey: Guid(cad677a98180fe649a14dee5f3993d96) Importer(815301076,1909f56bfc062723c751e8b465ee728b)
Start importing Assets/Art/Monsters/V2_Monster1/V2_Monster1_ryb.png using Guid(cad677a98180fe649a14dee5f3993d96) Importer(815301076,1909f56bfc062723c751e8b465ee728b)  -> (artifact id: 'ed754f6d3b9f894533230b332f2f0264') in 0.029673 seconds
Number of updated asset objects reloaded before import = 0
Number of asset objects unloaded after import = 3
========================================================================
Received Import Request.
  Time since last request: 0.001515 seconds.
  path: Assets/Art/Monsters/V2_Monster1/V2_Monster1_yb.png
  artifactKey: Guid(aa7d57b661da9eb42937e95abc023c44) Importer(815301076,1909f56bfc062723c751e8b465ee728b)
Start importing Assets/Art/Monsters/V2_Monster1/V2_Monster1_yb.png using Guid(aa7d57b661da9eb42937e95abc023c44) Importer(815301076,1909f56bfc062723c751e8b465ee728b)  -> (artifact id: 'e0ad1579814379aca090307625c4c051') in 0.020182 seconds
Number of updated asset objects reloaded before import = 0
Number of asset objects unloaded after import = 3
========================================================================
Received Import Request.
  Time since last request: 0.000028 seconds.
  path: Assets/Art/Monsters/V2_Monster1/V2_Monster1_ygb.png
  artifactKey: Guid(4fded190a7c812f4094bd20aa5bdb1fd) Importer(815301076,1909f56bfc062723c751e8b465ee728b)
Start importing Assets/Art/Monsters/V2_Monster1/V2_Monster1_ygb.png using Guid(4fded190a7c812f4094bd20aa5bdb1fd) Importer(815301076,1909f56bfc062723c751e8b465ee728b)  -> (artifact id: '8c9554f3de273243e7e08de1e7bc9d95') in 0.081637 seconds
Number of updated asset objects reloaded before import = 0
Number of asset objects unloaded after import = 3
========================================================================
Received Import Request.
  Time since last request: 0.000032 seconds.
  path: Assets/Art/Monsters/V2_Monster1/V2_Monster1_y.png
  artifactKey: Guid(1efb76e8b1b0d47498d3d7d009b12700) Importer(815301076,1909f56bfc062723c751e8b465ee728b)
Start importing Assets/Art/Monsters/V2_Monster1/V2_Monster1_y.png using Guid(1efb76e8b1b0d47498d3d7d009b12700) Importer(815301076,1909f56bfc062723c751e8b465ee728b)  -> (artifact id: '3b99b206499b7800627533cab8b3507d') in 0.036860 seconds
Number of updated asset objects reloaded before import = 0
Number of asset objects unloaded after import = 3
========================================================================
Received Import Request.
  Time since last request: 0.000047 seconds.
  path: Assets/Art/Monsters/V2_Monster1/V2_Monster1_rg.png
  artifactKey: Guid(5f13b56a3ff2ce649822a52ebc182f7e) Importer(815301076,1909f56bfc062723c751e8b465ee728b)
Start importing Assets/Art/Monsters/V2_Monster1/V2_Monster1_rg.png using Guid(5f13b56a3ff2ce649822a52ebc182f7e) Importer(815301076,1909f56bfc062723c751e8b465ee728b)  -> (artifact id: '57c2f0411cb31236546fd6f11e040933') in 0.016191 seconds
Number of updated asset objects reloaded before import = 0
Number of asset objects unloaded after import = 3
========================================================================
Received Import Request.
  Time since last request: 1.412730 seconds.
  path: Assets/Art/Monsters/V2_Monster3
  artifactKey: Guid(52a54f47fa2bc0949ba359bc5aed088c) Importer(815301076,1909f56bfc062723c751e8b465ee728b)
Start importing Assets/Art/Monsters/V2_Monster3 using Guid(52a54f47fa2bc0949ba359bc5aed088c) Importer(815301076,1909f56bfc062723c751e8b465ee728b)  -> (artifact id: '04a12718891199e3985f94deb91364aa') in 0.000883 seconds
Number of updated asset objects reloaded before import = 0
Number of asset objects unloaded after import = 0
========================================================================
Received Import Request.
  Time since last request: 0.041555 seconds.
  path: Assets/Art/Monsters/V2_Monster3/V2_Monster3_b.png
  artifactKey: Guid(e6d3a0a72f5d1674a8f3326fe620b0e7) Importer(815301076,1909f56bfc062723c751e8b465ee728b)
Start importing Assets/Art/Monsters/V2_Monster3/V2_Monster3_b.png using Guid(e6d3a0a72f5d1674a8f3326fe620b0e7) Importer(815301076,1909f56bfc062723c751e8b465ee728b)  -> (artifact id: '00646eac217cdc09ba6fc03f3b52d65f') in 0.027606 seconds
Number of updated asset objects reloaded before import = 0
Number of asset objects unloaded after import = 3
========================================================================
Received Import Request.
  Time since last request: 0.000021 seconds.
  path: Assets/Art/Monsters/V2_Monster3/V2_Monster3_ryg.png
  artifactKey: Guid(4ba713607fb6ceb4c8391ce59366e7bf) Importer(815301076,1909f56bfc062723c751e8b465ee728b)
Start importing Assets/Art/Monsters/V2_Monster3/V2_Monster3_ryg.png using Guid(4ba713607fb6ceb4c8391ce59366e7bf) Importer(815301076,1909f56bfc062723c751e8b465ee728b)  -> (artifact id: '4e93544d0b88ec903bae7a94477ffbc1') in 0.017396 seconds
Number of updated asset objects reloaded before import = 0
Number of asset objects unloaded after import = 3
========================================================================
Received Import Request.
  Time since last request: 0.000031 seconds.
  path: Assets/Art/Monsters/V2_Monster3/V2_Monster3_r.png
  artifactKey: Guid(6cc44b8f5ab82e549b1b2931456645a6) Importer(815301076,1909f56bfc062723c751e8b465ee728b)
Start importing Assets/Art/Monsters/V2_Monster3/V2_Monster3_r.png using Guid(6cc44b8f5ab82e549b1b2931456645a6) Importer(815301076,1909f56bfc062723c751e8b465ee728b)  -> (artifact id: 'a2c4ca46647fcd882588f3976c5b035a') in 0.018136 seconds
Number of updated asset objects reloaded before import = 0
Number of asset objects unloaded after import = 3
========================================================================
Received Import Request.
  Time since last request: 0.000026 seconds.
  path: Assets/Art/Monsters/V2_Monster3/V2_Monster3_rygb.png
  artifactKey: Guid(b7ae363281efd45448a8cc7c33b7cba6) Importer(815301076,1909f56bfc062723c751e8b465ee728b)
Start importing Assets/Art/Monsters/V2_Monster3/V2_Monster3_rygb.png using Guid(b7ae363281efd45448a8cc7c33b7cba6) Importer(815301076,1909f56bfc062723c751e8b465ee728b)  -> (artifact id: '634edace07e7877b1051f80bf12bf453') in 0.018066 seconds
Number of updated asset objects reloaded before import = 0
Number of asset objects unloaded after import = 3
========================================================================
Received Import Request.
  Time since last request: 0.000035 seconds.
  path: Assets/Art/Monsters/V2_Monster3/V2_Monster3_rg.png
  artifactKey: Guid(1ebf9def9da32044389376d8dee2300c) Importer(815301076,1909f56bfc062723c751e8b465ee728b)
Start importing Assets/Art/Monsters/V2_Monster3/V2_Monster3_rg.png using Guid(1ebf9def9da32044389376d8dee2300c) Importer(815301076,1909f56bfc062723c751e8b465ee728b)  -> (artifact id: 'b7d3543327f538ad8bad47ee8f607156') in 0.014327 seconds
Number of updated asset objects reloaded before import = 0
Number of asset objects unloaded after import = 3
========================================================================
Received Import Request.
  Time since last request: 0.000023 seconds.
  path: Assets/Art/Monsters/V2_Monster3/V2_Monster3_ryb.png
  artifactKey: Guid(d5c1a263c91bcbc4bae7204673561dbd) Importer(815301076,1909f56bfc062723c751e8b465ee728b)
Start importing Assets/Art/Monsters/V2_Monster3/V2_Monster3_ryb.png using Guid(d5c1a263c91bcbc4bae7204673561dbd) Importer(815301076,1909f56bfc062723c751e8b465ee728b)  -> (artifact id: 'b4fc3a09c7a6fa232ea80b39ab941efd') in 0.013801 seconds
Number of updated asset objects reloaded before import = 0
Number of asset objects unloaded after import = 3
========================================================================
Received Import Request.
  Time since last request: 0.000023 seconds.
  path: Assets/Art/Monsters/V2_Monster3/V2_Monster3_ry.png
  artifactKey: Guid(fb2e8b97d5acd3c4fa56a212b122686d) Importer(815301076,1909f56bfc062723c751e8b465ee728b)
Start importing Assets/Art/Monsters/V2_Monster3/V2_Monster3_ry.png using Guid(fb2e8b97d5acd3c4fa56a212b122686d) Importer(815301076,1909f56bfc062723c751e8b465ee728b)  -> (artifact id: '9f9608dc6ebea94160fa80bd35d4daae') in 0.015631 seconds
Number of updated asset objects reloaded before import = 0
Number of asset objects unloaded after import = 3
========================================================================
Received Import Request.
  Time since last request: 0.000041 seconds.
  path: Assets/Art/Monsters/V2_Monster3/V2_Monster3_rb.png
  artifactKey: Guid(250338f26cf291c43b99cba94184a2aa) Importer(815301076,1909f56bfc062723c751e8b465ee728b)
Start importing Assets/Art/Monsters/V2_Monster3/V2_Monster3_rb.png using Guid(250338f26cf291c43b99cba94184a2aa) Importer(815301076,1909f56bfc062723c751e8b465ee728b)  -> (artifact id: '91f9ebadb4da1dade5a150f98b4d1510') in 0.016416 seconds
Number of updated asset objects reloaded before import = 0
Number of asset objects unloaded after import = 3
Editor requested this worker to shutdown with reason: Scaling down because of idle timeout
TcpMessagingSession - receive error: operation aborted. errorcode: 995, details: The I/O operation has been aborted because of either a thread exit or an application request.
AssetImportWorker is now disconnected from the server
Process exiting
Exiting without the bug reporter. Application will terminate with return code 0